<?xml version="1.0" encoding="UTF-8"?>
<testsuite name="tests.DeleteContactTasts" tests="1" skipped="0" failures="0" errors="0" timestamp="2024-11-27T11:16:37" hostname="NICKPC" time="1.501">
  <properties/>
  <testcase name="deleteContactTest" classname="tests.DeleteContactTasts" time="1.501"/>
  <system-out><![CDATA[12:16:25.835 [Test worker] INFO  tests.TestBase -- Start testdeleteContactTest[]
12:16:25.836 [Test worker] INFO  phonebook.utils.MyListener -- Before finde elements By.cssSelector: [href='/login']
12:16:25.836 [Test worker] INFO  phonebook.utils.MyListener -- ------------------------------------------------
12:16:35.868 [Test worker] INFO  phonebook.utils.MyListener -- List size is 0
12:16:35.868 [Test worker] INFO  phonebook.utils.MyListener -- ------------------------------------------------
12:16:35.868 [Test worker] INFO  phonebook.utils.MyListener -- The locator will find --> By.xpath: //button[.='Sign Out']
12:16:35.868 [Test worker] INFO  phonebook.utils.MyListener -- ------------------------------------------------
12:16:35.879 [Test worker] INFO  phonebook.utils.MyListener -- The locator found By.xpath: //button[.='Sign Out']
12:16:35.879 [Test worker] INFO  phonebook.utils.MyListener -- ------------------------------------------------
12:16:35.932 [Test worker] INFO  phonebook.utils.MyListener -- The locator will find --> By.cssSelector: [href='/login']
12:16:35.932 [Test worker] INFO  phonebook.utils.MyListener -- ------------------------------------------------
12:16:35.961 [Test worker] INFO  phonebook.utils.MyListener -- The locator found By.cssSelector: [href='/login']
12:16:35.961 [Test worker] INFO  phonebook.utils.MyListener -- ------------------------------------------------
12:16:36.011 [Test worker] INFO  phonebook.utils.MyListener -- The locator will find --> By.name: email
12:16:36.011 [Test worker] INFO  phonebook.utils.MyListener -- ------------------------------------------------
12:16:36.022 [Test worker] INFO  phonebook.utils.MyListener -- The locator found By.name: email
12:16:36.022 [Test worker] INFO  phonebook.utils.MyListener -- ------------------------------------------------
12:16:36.095 [Test worker] INFO  phonebook.utils.MyListener -- The locator will find --> By.name: email
12:16:36.095 [Test worker] INFO  phonebook.utils.MyListener -- ------------------------------------------------
12:16:36.113 [Test worker] INFO  phonebook.utils.MyListener -- The locator found By.name: email
12:16:36.113 [Test worker] INFO  phonebook.utils.MyListener -- ------------------------------------------------
12:16:36.139 [Test worker] INFO  phonebook.utils.MyListener -- The locator will find --> By.name: email
12:16:36.139 [Test worker] INFO  phonebook.utils.MyListener -- ------------------------------------------------
12:16:36.149 [Test worker] INFO  phonebook.utils.MyListener -- The locator found By.name: email
12:16:36.149 [Test worker] INFO  phonebook.utils.MyListener -- ------------------------------------------------
12:16:36.188 [Test worker] INFO  phonebook.utils.MyListener -- The locator will find --> By.name: password
12:16:36.188 [Test worker] INFO  phonebook.utils.MyListener -- ------------------------------------------------
12:16:36.200 [Test worker] INFO  phonebook.utils.MyListener -- The locator found By.name: password
12:16:36.200 [Test worker] INFO  phonebook.utils.MyListener -- ------------------------------------------------
12:16:36.269 [Test worker] INFO  phonebook.utils.MyListener -- The locator will find --> By.name: password
12:16:36.270 [Test worker] INFO  phonebook.utils.MyListener -- ------------------------------------------------
12:16:36.289 [Test worker] INFO  phonebook.utils.MyListener -- The locator found By.name: password
12:16:36.289 [Test worker] INFO  phonebook.utils.MyListener -- ------------------------------------------------
12:16:36.315 [Test worker] INFO  phonebook.utils.MyListener -- The locator will find --> By.name: password
12:16:36.316 [Test worker] INFO  phonebook.utils.MyListener -- ------------------------------------------------
12:16:36.326 [Test worker] INFO  phonebook.utils.MyListener -- The locator found By.name: password
12:16:36.326 [Test worker] INFO  phonebook.utils.MyListener -- ------------------------------------------------
12:16:36.357 [Test worker] INFO  phonebook.utils.MyListener -- The locator will find --> By.name: login
12:16:36.357 [Test worker] INFO  phonebook.utils.MyListener -- ------------------------------------------------
12:16:36.368 [Test worker] INFO  phonebook.utils.MyListener -- The locator found By.name: login
12:16:36.368 [Test worker] INFO  phonebook.utils.MyListener -- ------------------------------------------------
12:16:36.421 [Test worker] INFO  phonebook.utils.MyListener -- The locator will find --> By.cssSelector: [href='/add']
12:16:36.421 [Test worker] INFO  phonebook.utils.MyListener -- ------------------------------------------------
12:16:36.688 [Test worker] INFO  phonebook.utils.MyListener -- The locator found By.cssSelector: [href='/add']
12:16:36.688 [Test worker] INFO  phonebook.utils.MyListener -- ------------------------------------------------
12:16:36.744 [Test worker] INFO  phonebook.utils.MyListener -- The locator will find --> By.cssSelector: input:nth-child(1)
12:16:36.744 [Test worker] INFO  phonebook.utils.MyListener -- ------------------------------------------------
12:16:36.755 [Test worker] INFO  phonebook.utils.MyListener -- The locator found By.cssSelector: input:nth-child(1)
12:16:36.756 [Test worker] INFO  phonebook.utils.MyListener -- ------------------------------------------------
12:16:36.810 [Test worker] INFO  phonebook.utils.MyListener -- The locator will find --> By.cssSelector: input:nth-child(1)
12:16:36.810 [Test worker] INFO  phonebook.utils.MyListener -- ------------------------------------------------
12:16:36.820 [Test worker] INFO  phonebook.utils.MyListener -- The locator found By.cssSelector: input:nth-child(1)
12:16:36.820 [Test worker] INFO  phonebook.utils.MyListener -- ------------------------------------------------
12:16:36.845 [Test worker] INFO  phonebook.utils.MyListener -- The locator will find --> By.cssSelector: input:nth-child(1)
12:16:36.845 [Test worker] INFO  phonebook.utils.MyListener -- ------------------------------------------------
12:16:36.855 [Test worker] INFO  phonebook.utils.MyListener -- The locator found By.cssSelector: input:nth-child(1)
12:16:36.855 [Test worker] INFO  phonebook.utils.MyListener -- ------------------------------------------------
12:16:36.881 [Test worker] INFO  phonebook.utils.MyListener -- The locator will find --> By.cssSelector: input:nth-child(2)
12:16:36.881 [Test worker] INFO  phonebook.utils.MyListener -- ------------------------------------------------
12:16:36.892 [Test worker] INFO  phonebook.utils.MyListener -- The locator found By.cssSelector: input:nth-child(2)
12:16:36.892 [Test worker] INFO  phonebook.utils.MyListener -- ------------------------------------------------
12:16:36.945 [Test worker] INFO  phonebook.utils.MyListener -- The locator will find --> By.cssSelector: input:nth-child(2)
12:16:36.945 [Test worker] INFO  phonebook.utils.MyListener -- ------------------------------------------------
12:16:36.956 [Test worker] INFO  phonebook.utils.MyListener -- The locator found By.cssSelector: input:nth-child(2)
12:16:36.956 [Test worker] INFO  phonebook.utils.MyListener -- ------------------------------------------------
12:16:36.982 [Test worker] INFO  phonebook.utils.MyListener -- The locator will find --> By.cssSelector: input:nth-child(2)
12:16:36.982 [Test worker] INFO  phonebook.utils.MyListener -- ------------------------------------------------
12:16:36.993 [Test worker] INFO  phonebook.utils.MyListener -- The locator found By.cssSelector: input:nth-child(2)
12:16:36.993 [Test worker] INFO  phonebook.utils.MyListener -- ------------------------------------------------
12:16:37.018 [Test worker] INFO  phonebook.utils.MyListener -- The locator will find --> By.cssSelector: input:nth-child(3)
12:16:37.019 [Test worker] INFO  phonebook.utils.MyListener -- ------------------------------------------------
12:16:37.029 [Test worker] INFO  phonebook.utils.MyListener -- The locator found By.cssSelector: input:nth-child(3)
12:16:37.029 [Test worker] INFO  phonebook.utils.MyListener -- ------------------------------------------------
12:16:37.082 [Test worker] INFO  phonebook.utils.MyListener -- The locator will find --> By.cssSelector: input:nth-child(3)
12:16:37.082 [Test worker] INFO  phonebook.utils.MyListener -- ------------------------------------------------
12:16:37.093 [Test worker] INFO  phonebook.utils.MyListener -- The locator found By.cssSelector: input:nth-child(3)
12:16:37.093 [Test worker] INFO  phonebook.utils.MyListener -- ------------------------------------------------
12:16:37.116 [Test worker] INFO  phonebook.utils.MyListener -- The locator will find --> By.cssSelector: input:nth-child(3)
12:16:37.116 [Test worker] INFO  phonebook.utils.MyListener -- ------------------------------------------------
12:16:37.127 [Test worker] INFO  phonebook.utils.MyListener -- The locator found By.cssSelector: input:nth-child(3)
12:16:37.127 [Test worker] INFO  phonebook.utils.MyListener -- ------------------------------------------------
12:16:37.157 [Test worker] INFO  phonebook.utils.MyListener -- The locator will find --> By.cssSelector: input:nth-child(4)
12:16:37.157 [Test worker] INFO  phonebook.utils.MyListener -- ------------------------------------------------
12:16:37.168 [Test worker] INFO  phonebook.utils.MyListener -- The locator found By.cssSelector: input:nth-child(4)
12:16:37.168 [Test worker] INFO  phonebook.utils.MyListener -- ------------------------------------------------
12:16:37.219 [Test worker] INFO  phonebook.utils.MyListener -- The locator will find --> By.cssSelector: input:nth-child(4)
12:16:37.219 [Test worker] INFO  phonebook.utils.MyListener -- ------------------------------------------------
12:16:37.230 [Test worker] INFO  phonebook.utils.MyListener -- The locator found By.cssSelector: input:nth-child(4)
12:16:37.230 [Test worker] INFO  phonebook.utils.MyListener -- ------------------------------------------------
12:16:37.255 [Test worker] INFO  phonebook.utils.MyListener -- The locator will find --> By.cssSelector: input:nth-child(4)
12:16:37.255 [Test worker] INFO  phonebook.utils.MyListener -- ------------------------------------------------
12:16:37.265 [Test worker] INFO  phonebook.utils.MyListener -- The locator found By.cssSelector: input:nth-child(4)
12:16:37.265 [Test worker] INFO  phonebook.utils.MyListener -- ------------------------------------------------
12:16:37.296 [Test worker] INFO  phonebook.utils.MyListener -- The locator will find --> By.cssSelector: input:nth-child(5)
12:16:37.296 [Test worker] INFO  phonebook.utils.MyListener -- ------------------------------------------------
12:16:37.306 [Test worker] INFO  phonebook.utils.MyListener -- The locator found By.cssSelector: input:nth-child(5)
12:16:37.306 [Test worker] INFO  phonebook.utils.MyListener -- ------------------------------------------------
12:16:37.356 [Test worker] INFO  phonebook.utils.MyListener -- The locator will find --> By.cssSelector: input:nth-child(5)
12:16:37.356 [Test worker] INFO  phonebook.utils.MyListener -- ------------------------------------------------
12:16:37.367 [Test worker] INFO  phonebook.utils.MyListener -- The locator found By.cssSelector: input:nth-child(5)
12:16:37.367 [Test worker] INFO  phonebook.utils.MyListener -- ------------------------------------------------
12:16:37.390 [Test worker] INFO  phonebook.utils.MyListener -- The locator will find --> By.cssSelector: input:nth-child(5)
12:16:37.390 [Test worker] INFO  phonebook.utils.MyListener -- ------------------------------------------------
12:16:37.401 [Test worker] INFO  phonebook.utils.MyListener -- The locator found By.cssSelector: input:nth-child(5)
12:16:37.401 [Test worker] INFO  phonebook.utils.MyListener -- ------------------------------------------------
12:16:37.431 [Test worker] INFO  phonebook.utils.MyListener -- The locator will find --> By.cssSelector: input:nth-child(6)
12:16:37.431 [Test worker] INFO  phonebook.utils.MyListener -- ------------------------------------------------
12:16:37.442 [Test worker] INFO  phonebook.utils.MyListener -- The locator found By.cssSelector: input:nth-child(6)
12:16:37.442 [Test worker] INFO  phonebook.utils.MyListener -- ------------------------------------------------
12:16:37.495 [Test worker] INFO  phonebook.utils.MyListener -- The locator will find --> By.cssSelector: input:nth-child(6)
12:16:37.495 [Test worker] INFO  phonebook.utils.MyListener -- ------------------------------------------------
12:16:37.506 [Test worker] INFO  phonebook.utils.MyListener -- The locator found By.cssSelector: input:nth-child(6)
12:16:37.506 [Test worker] INFO  phonebook.utils.MyListener -- ------------------------------------------------
12:16:37.529 [Test worker] INFO  phonebook.utils.MyListener -- The locator will find --> By.cssSelector: input:nth-child(6)
12:16:37.530 [Test worker] INFO  phonebook.utils.MyListener -- ------------------------------------------------
12:16:37.539 [Test worker] INFO  phonebook.utils.MyListener -- The locator found By.cssSelector: input:nth-child(6)
12:16:37.539 [Test worker] INFO  phonebook.utils.MyListener -- ------------------------------------------------
12:16:37.569 [Test worker] INFO  phonebook.utils.MyListener -- The locator will find --> By.cssSelector: .add_form__2rsm2 button
12:16:37.569 [Test worker] INFO  phonebook.utils.MyListener -- ------------------------------------------------
12:16:37.580 [Test worker] INFO  phonebook.utils.MyListener -- The locator found By.cssSelector: .add_form__2rsm2 button
12:16:37.581 [Test worker] INFO  phonebook.utils.MyListener -- ------------------------------------------------
12:16:37.630 [Test worker] INFO  phonebook.utils.MyListener -- Before finde elements By.cssSelector: .contact-item_card__2SOIM
12:16:37.630 [Test worker] INFO  phonebook.utils.MyListener -- ------------------------------------------------
12:16:37.958 [Test worker] INFO  phonebook.utils.MyListener -- List size is 2
12:16:37.958 [Test worker] INFO  phonebook.utils.MyListener -- ------------------------------------------------
12:16:37.958 [Test worker] INFO  phonebook.utils.MyListener -- Before finde elements By.cssSelector: .contact-item_card__2SOIM
12:16:37.958 [Test worker] INFO  phonebook.utils.MyListener -- ------------------------------------------------
12:16:37.974 [Test worker] INFO  phonebook.utils.MyListener -- List size is 2
12:16:37.974 [Test worker] INFO  phonebook.utils.MyListener -- ------------------------------------------------
12:16:37.974 [Test worker] INFO  phonebook.utils.MyListener -- The locator will find --> By.cssSelector: .contact-item_card__2SOIM
12:16:37.974 [Test worker] INFO  phonebook.utils.MyListener -- ------------------------------------------------
12:16:37.984 [Test worker] INFO  phonebook.utils.MyListener -- The locator found By.cssSelector: .contact-item_card__2SOIM
12:16:37.984 [Test worker] INFO  phonebook.utils.MyListener -- ------------------------------------------------
12:16:38.036 [Test worker] INFO  phonebook.utils.MyListener -- The locator will find --> By.xpath: //button[.='Remove']
12:16:38.036 [Test worker] INFO  phonebook.utils.MyListener -- ------------------------------------------------
12:16:38.049 [Test worker] INFO  phonebook.utils.MyListener -- The locator found By.xpath: //button[.='Remove']
12:16:38.049 [Test worker] INFO  phonebook.utils.MyListener -- ------------------------------------------------
12:16:39.109 [Test worker] INFO  phonebook.utils.MyListener -- Before finde elements By.cssSelector: .contact-item_card__2SOIM
12:16:39.109 [Test worker] INFO  phonebook.utils.MyListener -- ------------------------------------------------
12:16:39.120 [Test worker] INFO  phonebook.utils.MyListener -- List size is 1
12:16:39.121 [Test worker] INFO  phonebook.utils.MyListener -- ------------------------------------------------
12:16:39.121 [Test worker] INFO  phonebook.utils.MyListener -- Before finde elements By.cssSelector: .contact-item_card__2SOIM
12:16:39.121 [Test worker] INFO  phonebook.utils.MyListener -- ------------------------------------------------
12:16:39.131 [Test worker] INFO  phonebook.utils.MyListener -- List size is 1
12:16:39.131 [Test worker] INFO  phonebook.utils.MyListener -- ------------------------------------------------
12:16:39.132 [Test worker] INFO  tests.TestBase -- PASSED:deleteContactTest
12:16:39.132 [Test worker] INFO  tests.TestBase -- Stop test
12:16:39.132 [Test worker] INFO  tests.TestBase -- ========================================================================================================
]]></system-out>
  <system-err><![CDATA[]]></system-err>
</testsuite>
