<?xml version="1.0" encoding="UTF-8"?>
<testsuite name="tests.LoginTests" tests="2" skipped="0" failures="0" errors="0" timestamp="2024-11-27T11:17:00" hostname="NICKPC" time="11.686">
  <properties/>
  <testcase name="loginPositiveTest" classname="tests.LoginTests" time="0.775"/>
  <testcase name="loginNegativeTest" classname="tests.LoginTests" time="0.809"/>
  <system-out><![CDATA[12:17:00.503 [Test worker] INFO  tests.TestBase -- Start testloginPositiveTest[]
12:17:00.504 [Test worker] INFO  phonebook.utils.MyListener -- Before finde elements By.cssSelector: [href='/login']
12:17:00.504 [Test worker] INFO  phonebook.utils.MyListener -- ------------------------------------------------
12:17:00.517 [Test worker] INFO  phonebook.utils.MyListener -- List size is 1
12:17:00.517 [Test worker] INFO  phonebook.utils.MyListener -- ------------------------------------------------
12:17:00.518 [Test worker] INFO  tests.TestBase -- Login with data --> steve2@gmail.com***Mortel123!
12:17:00.518 [Test worker] INFO  phonebook.utils.MyListener -- The locator will find --> By.cssSelector: [href='/login']
12:17:00.518 [Test worker] INFO  phonebook.utils.MyListener -- ------------------------------------------------
12:17:00.529 [Test worker] INFO  phonebook.utils.MyListener -- The locator found By.cssSelector: [href='/login']
12:17:00.529 [Test worker] INFO  phonebook.utils.MyListener -- ------------------------------------------------
12:17:00.589 [Test worker] INFO  phonebook.utils.MyListener -- The locator will find --> By.name: email
12:17:00.590 [Test worker] INFO  phonebook.utils.MyListener -- ------------------------------------------------
12:17:00.602 [Test worker] INFO  phonebook.utils.MyListener -- The locator found By.name: email
12:17:00.602 [Test worker] INFO  phonebook.utils.MyListener -- ------------------------------------------------
12:17:00.659 [Test worker] INFO  phonebook.utils.MyListener -- The locator will find --> By.name: email
12:17:00.659 [Test worker] INFO  phonebook.utils.MyListener -- ------------------------------------------------
12:17:00.696 [Test worker] INFO  phonebook.utils.MyListener -- The locator found By.name: email
12:17:00.697 [Test worker] INFO  phonebook.utils.MyListener -- ------------------------------------------------
12:17:00.722 [Test worker] INFO  phonebook.utils.MyListener -- The locator will find --> By.name: email
12:17:00.722 [Test worker] INFO  phonebook.utils.MyListener -- ------------------------------------------------
12:17:00.735 [Test worker] INFO  phonebook.utils.MyListener -- The locator found By.name: email
12:17:00.735 [Test worker] INFO  phonebook.utils.MyListener -- ------------------------------------------------
12:17:00.773 [Test worker] INFO  phonebook.utils.MyListener -- The locator will find --> By.name: password
12:17:00.773 [Test worker] INFO  phonebook.utils.MyListener -- ------------------------------------------------
12:17:00.786 [Test worker] INFO  phonebook.utils.MyListener -- The locator found By.name: password
12:17:00.786 [Test worker] INFO  phonebook.utils.MyListener -- ------------------------------------------------
12:17:00.865 [Test worker] INFO  phonebook.utils.MyListener -- The locator will find --> By.name: password
12:17:00.865 [Test worker] INFO  phonebook.utils.MyListener -- ------------------------------------------------
12:17:00.884 [Test worker] INFO  phonebook.utils.MyListener -- The locator found By.name: password
12:17:00.884 [Test worker] INFO  phonebook.utils.MyListener -- ------------------------------------------------
12:17:00.911 [Test worker] INFO  phonebook.utils.MyListener -- The locator will find --> By.name: password
12:17:00.912 [Test worker] INFO  phonebook.utils.MyListener -- ------------------------------------------------
12:17:00.922 [Test worker] INFO  phonebook.utils.MyListener -- The locator found By.name: password
12:17:00.922 [Test worker] INFO  phonebook.utils.MyListener -- ------------------------------------------------
12:17:00.956 [Test worker] INFO  phonebook.utils.MyListener -- The locator will find --> By.name: login
12:17:00.956 [Test worker] INFO  phonebook.utils.MyListener -- ------------------------------------------------
12:17:00.969 [Test worker] INFO  phonebook.utils.MyListener -- The locator found By.name: login
12:17:00.969 [Test worker] INFO  phonebook.utils.MyListener -- ------------------------------------------------
12:17:01.025 [Test worker] INFO  phonebook.utils.MyListener -- Before finde elements By.xpath: //button[.='Sign Out']
12:17:01.025 [Test worker] INFO  phonebook.utils.MyListener -- ------------------------------------------------
12:17:01.292 [Test worker] INFO  phonebook.utils.MyListener -- List size is 1
12:17:01.292 [Test worker] INFO  phonebook.utils.MyListener -- ------------------------------------------------
12:17:01.293 [Test worker] INFO  tests.TestBase -- PASSED:loginPositiveTest
12:17:01.293 [Test worker] INFO  tests.TestBase -- Stop test
12:17:01.293 [Test worker] INFO  tests.TestBase -- ========================================================================================================
12:17:01.295 [Test worker] INFO  tests.TestBase -- Start testloginNegativeTest[]
12:17:01.295 [Test worker] INFO  phonebook.utils.MyListener -- Before finde elements By.cssSelector: [href='/login']
12:17:01.295 [Test worker] INFO  phonebook.utils.MyListener -- ------------------------------------------------
12:17:11.319 [Test worker] INFO  phonebook.utils.MyListener -- List size is 0
12:17:11.319 [Test worker] INFO  phonebook.utils.MyListener -- ------------------------------------------------
12:17:11.319 [Test worker] INFO  phonebook.utils.MyListener -- The locator will find --> By.xpath: //button[.='Sign Out']
12:17:11.319 [Test worker] INFO  phonebook.utils.MyListener -- ------------------------------------------------
12:17:11.329 [Test worker] INFO  phonebook.utils.MyListener -- The locator found By.xpath: //button[.='Sign Out']
12:17:11.329 [Test worker] INFO  phonebook.utils.MyListener -- ------------------------------------------------
12:17:11.394 [Test worker] INFO  phonebook.utils.MyListener -- The locator will find --> By.cssSelector: [href='/login']
12:17:11.394 [Test worker] INFO  phonebook.utils.MyListener -- ------------------------------------------------
12:17:11.407 [Test worker] INFO  phonebook.utils.MyListener -- The locator found By.cssSelector: [href='/login']
12:17:11.408 [Test worker] INFO  phonebook.utils.MyListener -- ------------------------------------------------
12:17:11.457 [Test worker] INFO  phonebook.utils.MyListener -- The locator will find --> By.name: password
12:17:11.457 [Test worker] INFO  phonebook.utils.MyListener -- ------------------------------------------------
12:17:11.468 [Test worker] INFO  phonebook.utils.MyListener -- The locator found By.name: password
12:17:11.468 [Test worker] INFO  phonebook.utils.MyListener -- ------------------------------------------------
12:17:11.538 [Test worker] INFO  phonebook.utils.MyListener -- The locator will find --> By.name: password
12:17:11.538 [Test worker] INFO  phonebook.utils.MyListener -- ------------------------------------------------
12:17:11.554 [Test worker] INFO  phonebook.utils.MyListener -- The locator found By.name: password
12:17:11.554 [Test worker] INFO  phonebook.utils.MyListener -- ------------------------------------------------
12:17:11.577 [Test worker] INFO  phonebook.utils.MyListener -- The locator will find --> By.name: password
12:17:11.578 [Test worker] INFO  phonebook.utils.MyListener -- ------------------------------------------------
12:17:11.587 [Test worker] INFO  phonebook.utils.MyListener -- The locator found By.name: password
12:17:11.587 [Test worker] INFO  phonebook.utils.MyListener -- ------------------------------------------------
12:17:11.620 [Test worker] INFO  phonebook.utils.MyListener -- The locator will find --> By.name: login
12:17:11.620 [Test worker] INFO  phonebook.utils.MyListener -- ------------------------------------------------
12:17:11.631 [Test worker] INFO  phonebook.utils.MyListener -- The locator found By.name: login
12:17:11.631 [Test worker] INFO  phonebook.utils.MyListener -- ------------------------------------------------
12:17:11.685 [Test worker] INFO  phonebook.utils.MyListener -- The test have a problem
12:17:11.685 [Test worker] INFO  phonebook.utils.MyListener -- ------------------------------------------------
12:17:11.685 [Test worker] INFO  phonebook.utils.MyListener -- Method --> alert
12:17:11.685 [Test worker] INFO  phonebook.utils.MyListener -- ------------------------------------------------
12:17:11.685 [Test worker] INFO  phonebook.utils.MyListener -- Target exception --> org.openqa.selenium.NoAlertPresentException: no such alert
  (Session info: chrome=131.0.6778.86)
Build info: version: '4.26.0', revision: '8ccf0219d7'
System info: os.name: 'Windows 10', os.arch: 'amd64', os.version: '10.0', java.version: '17.0.12'
Driver info: org.openqa.selenium.chrome.ChromeDriver
Command: [6d9e3e4836c4d967a97ff63d8f9b6719, getAlertText {}]
Capabilities {acceptInsecureCerts: false, browserName: chrome, browserVersion: 131.0.6778.86, chrome: {chromedriverVersion: 131.0.6778.69 (77e2244bbcda..., userDataDir: C:\Users\NICK\AppData\Local...}, fedcm:accounts: true, goog:chromeOptions: {debuggerAddress: localhost:61110}, networkConnectionEnabled: false, pageLoadStrategy: normal, platformName: windows, proxy: Proxy(), se:cdp: ws://localhost:61110/devtoo..., se:cdpVersion: 131.0.6778.86, setWindowRect: true, strictFileInteractability: false, timeouts: {implicit: 0, pageLoad: 300000, script: 30000}, unhandledPromptBehavior: dismiss and notify, webauthn:extension:credBlob: true, webauthn:extension:largeBlob: true, webauthn:extension:minPinLength: true, webauthn:extension:prf: true, webauthn:virtualAuthenticators: true}
Session ID: 6d9e3e4836c4d967a97ff63d8f9b6719
12:17:11.685 [Test worker] INFO  phonebook.utils.MyListener -- ------------------------------------------------
12:17:11.685 [Test worker] INFO  phonebook.utils.MyListener -- Object target --> org.openqa.selenium.remote.RemoteWebDriver$RemoteTargetLocator@b2d8dcd
12:17:11.685 [Test worker] INFO  phonebook.utils.MyListener -- ------------------------------------------------
12:17:12.204 [Test worker] INFO  tests.TestBase -- PASSED:loginNegativeTest
12:17:12.204 [Test worker] INFO  tests.TestBase -- Stop test
12:17:12.204 [Test worker] INFO  tests.TestBase -- ========================================================================================================
]]></system-out>
  <system-err><![CDATA[]]></system-err>
</testsuite>
